<?xml version="1.0" encoding="UTF-8"?>
<!-- Generated by org.testng.reporters.JUnitXMLReporter -->
<testsuite ignored="12" hostname="DESKTOP-7F50743" failures="0" tests="6" name="Test" time="0.069" errors="0" timestamp="2023-05-27T10:11:09 IST">
  <testcase classname="testNgFlags.GroupFlags" name="IT4" time="0.009"/>
  <testcase classname="testNgFlags.GroupFlags" name="it1" time="0.002"/>
  <testcase classname="testNgFlags.GroupFlags" name="it2" time="0.001"/>
  <testcase classname="testNgFlags.GroupFlags" name="it3" time="0.001"/>
  <testcase classname="testNgFlags.GroupFlags" name="it5" time="0.0"/>
  <testcase classname="testNgFlags.GroupFlags" name="it6" time="0.001"/>
  <testcase classname="testNgFlags.GroupFlags" name="ft5" time="0.0">
    <ignored/>
  </testcase> <!-- ft5 -->
  <testcase classname="testNgFlags.GroupFlags" name="sft4" time="0.0">
    <ignored/>
  </testcase> <!-- sft4 -->
  <testcase classname="testNgFlags.GroupFlags" name="ft2" time="0.0">
    <ignored/>
  </testcase> <!-- ft2 -->
  <testcase classname="testNgFlags.GroupFlags" name="st5" time="0.0">
    <ignored/>
  </testcase> <!-- st5 -->
  <testcase classname="testNgFlags.GroupFlags" name="ft3" time="0.0">
    <ignored/>
  </testcase> <!-- ft3 -->
  <testcase classname="testNgFlags.GroupFlags" name="st6" time="0.0">
    <ignored/>
  </testcase> <!-- st6 -->
  <testcase classname="testNgFlags.GroupFlags" name="ft1" time="0.0">
    <ignored/>
  </testcase> <!-- ft1 -->
  <testcase classname="testNgFlags.GroupFlags" name="st1" time="0.0">
    <ignored/>
  </testcase> <!-- st1 -->
  <testcase classname="testNgFlags.GroupFlags" name="st2" time="0.0">
    <ignored/>
  </testcase> <!-- st2 -->
  <testcase classname="testNgFlags.GroupFlags" name="ft4" time="0.0">
    <ignored/>
  </testcase> <!-- ft4 -->
  <testcase classname="testNgFlags.GroupFlags" name="st3" time="0.0">
    <ignored/>
  </testcase> <!-- st3 -->
  <testcase classname="testNgFlags.GroupFlags" name="ft6" time="0.0">
    <ignored/>
  </testcase> <!-- ft6 -->
</testsuite> <!-- Test -->
