<?xml version="1.0" encoding="UTF-8"?>
<!-- Generated by org.testng.reporters.JUnitXMLReporter -->
<testsuite ignored="0" hostname="DESKTOP-7F50743" failures="0" tests="5" name="Default test" time="21.989" errors="0" timestamp="2023-05-30T10:38:42 IST">
  <testcase classname="dynamicScreenshot.ActiTimeDataProvider" name="login" time="2.345"/>
  <testcase classname="dynamicScreenshot.ActiTimeDataProvider" name="login" time="2.312"/>
  <testcase classname="dynamicScreenshot.ActiTimeDataProvider" name="login" time="2.328"/>
  <testcase classname="dynamicScreenshot.ActiTimeDataProvider" name="login" time="2.273"/>
  <testcase classname="dynamicScreenshot.ActiTimeDataProvider" name="login" time="2.298"/>
</testsuite> <!-- Default test -->
