<?xml version="1.0" encoding="UTF-8"?>
<testng-results ignored="0" total="5" passed="5" failed="0" skipped="0">
  <reporter-output>
  </reporter-output>
  <suite started-at="2023-05-30T10:38:20 IST" name="Default suite" finished-at="2023-05-30T10:38:42 IST" duration-ms="21989">
    <groups>
    </groups>
    <test started-at="2023-05-30T10:38:20 IST" name="Default test" finished-at="2023-05-30T10:38:42 IST" duration-ms="21989">
      <class name="dynamicScreenshot.ActiTimeDataProvider">
        <test-method is-config="true" signature="property()[pri:0, instance:dynamicScreenshot.ActiTimeDataProvider@3d5c822d]" started-at="2023-05-30T10:38:20 IST" name="property" finished-at="2023-05-30T10:38:20 IST" duration-ms="20" status="PASS">
          <reporter-output>
          </reporter-output>
        </test-method> <!-- property -->
        <test-method is-config="true" signature="setUp()[pri:0, instance:dynamicScreenshot.ActiTimeDataProvider@3d5c822d]" started-at="2023-05-30T10:38:20 IST" name="setUp" finished-at="2023-05-30T10:38:24 IST" duration-ms="3634" status="PASS">
          <reporter-output>
          </reporter-output>
        </test-method> <!-- setUp -->
        <test-method signature="login(java.lang.String,java.lang.String)[pri:0, instance:dynamicScreenshot.ActiTimeDataProvider@3d5c822d]" started-at="2023-05-30T10:38:24 IST" name="login" data-provider="testActiTime" finished-at="2023-05-30T10:38:26 IST" duration-ms="2345" status="PASS">
          <params>
            <param index="0">
              <value>
                <![CDATA[Admin]]>
              </value>
            </param>
            <param index="1">
              <value>
                <![CDATA[Manager]]>
              </value>
            </param>
          </params>
          <reporter-output>
          </reporter-output>
        </test-method> <!-- login -->
        <test-method is-config="true" signature="tearDown()[pri:0, instance:dynamicScreenshot.ActiTimeDataProvider@3d5c822d]" started-at="2023-05-30T10:38:26 IST" name="tearDown" finished-at="2023-05-30T10:38:26 IST" duration-ms="185" status="PASS">
          <reporter-output>
          </reporter-output>
        </test-method> <!-- tearDown -->
        <test-method is-config="true" signature="setUp()[pri:0, instance:dynamicScreenshot.ActiTimeDataProvider@3d5c822d]" started-at="2023-05-30T10:38:26 IST" name="setUp" finished-at="2023-05-30T10:38:27 IST" duration-ms="1084" status="PASS">
          <reporter-output>
          </reporter-output>
        </test-method> <!-- setUp -->
        <test-method signature="login(java.lang.String,java.lang.String)[pri:0, instance:dynamicScreenshot.ActiTimeDataProvider@3d5c822d]" started-at="2023-05-30T10:38:27 IST" name="login" data-provider="testActiTime" finished-at="2023-05-30T10:38:30 IST" duration-ms="2312" status="PASS">
          <params>
            <param index="0">
              <value>
                <![CDATA[Admin123]]>
              </value>
            </param>
            <param index="1">
              <value>
                <![CDATA[Manager123]]>
              </value>
            </param>
          </params>
          <reporter-output>
          </reporter-output>
        </test-method> <!-- login -->
        <test-method is-config="true" signature="tearDown()[pri:0, instance:dynamicScreenshot.ActiTimeDataProvider@3d5c822d]" started-at="2023-05-30T10:38:30 IST" name="tearDown" finished-at="2023-05-30T10:38:30 IST" duration-ms="174" status="PASS">
          <reporter-output>
          </reporter-output>
        </test-method> <!-- tearDown -->
        <test-method is-config="true" signature="setUp()[pri:0, instance:dynamicScreenshot.ActiTimeDataProvider@3d5c822d]" started-at="2023-05-30T10:38:30 IST" name="setUp" finished-at="2023-05-30T10:38:31 IST" duration-ms="1496" status="PASS">
          <reporter-output>
          </reporter-output>
        </test-method> <!-- setUp -->
        <test-method signature="login(java.lang.String,java.lang.String)[pri:0, instance:dynamicScreenshot.ActiTimeDataProvider@3d5c822d]" started-at="2023-05-30T10:38:31 IST" name="login" data-provider="testActiTime" finished-at="2023-05-30T10:38:34 IST" duration-ms="2328" status="PASS">
          <params>
            <param index="0">
              <value>
                <![CDATA[Admin@12]]>
              </value>
            </param>
            <param index="1">
              <value>
                <![CDATA[Manager@12]]>
              </value>
            </param>
          </params>
          <reporter-output>
          </reporter-output>
        </test-method> <!-- login -->
        <test-method is-config="true" signature="tearDown()[pri:0, instance:dynamicScreenshot.ActiTimeDataProvider@3d5c822d]" started-at="2023-05-30T10:38:34 IST" name="tearDown" finished-at="2023-05-30T10:38:35 IST" duration-ms="1133" status="PASS">
          <reporter-output>
          </reporter-output>
        </test-method> <!-- tearDown -->
        <test-method is-config="true" signature="setUp()[pri:0, instance:dynamicScreenshot.ActiTimeDataProvider@3d5c822d]" started-at="2023-05-30T10:38:35 IST" name="setUp" finished-at="2023-05-30T10:38:36 IST" duration-ms="1135" status="PASS">
          <reporter-output>
          </reporter-output>
        </test-method> <!-- setUp -->
        <test-method signature="login(java.lang.String,java.lang.String)[pri:0, instance:dynamicScreenshot.ActiTimeDataProvider@3d5c822d]" started-at="2023-05-30T10:38:36 IST" name="login" data-provider="testActiTime" finished-at="2023-05-30T10:38:38 IST" duration-ms="2273" status="PASS">
          <params>
            <param index="0">
              <value>
                <![CDATA[@Admin]]>
              </value>
            </param>
            <param index="1">
              <value>
                <![CDATA[@Manager]]>
              </value>
            </param>
          </params>
          <reporter-output>
          </reporter-output>
        </test-method> <!-- login -->
        <test-method is-config="true" signature="tearDown()[pri:0, instance:dynamicScreenshot.ActiTimeDataProvider@3d5c822d]" started-at="2023-05-30T10:38:38 IST" name="tearDown" finished-at="2023-05-30T10:38:38 IST" duration-ms="137" status="PASS">
          <reporter-output>
          </reporter-output>
        </test-method> <!-- tearDown -->
        <test-method is-config="true" signature="setUp()[pri:0, instance:dynamicScreenshot.ActiTimeDataProvider@3d5c822d]" started-at="2023-05-30T10:38:38 IST" name="setUp" finished-at="2023-05-30T10:38:39 IST" duration-ms="1072" status="PASS">
          <reporter-output>
          </reporter-output>
        </test-method> <!-- setUp -->
        <test-method signature="login(java.lang.String,java.lang.String)[pri:0, instance:dynamicScreenshot.ActiTimeDataProvider@3d5c822d]" started-at="2023-05-30T10:38:39 IST" name="login" data-provider="testActiTime" finished-at="2023-05-30T10:38:42 IST" duration-ms="2298" status="PASS">
          <params>
            <param index="0">
              <value>
                <![CDATA[Admin@123]]>
              </value>
            </param>
            <param index="1">
              <value>
                <![CDATA[Manager@123]]>
              </value>
            </param>
          </params>
          <reporter-output>
          </reporter-output>
        </test-method> <!-- login -->
        <test-method is-config="true" signature="tearDown()[pri:0, instance:dynamicScreenshot.ActiTimeDataProvider@3d5c822d]" started-at="2023-05-30T10:38:42 IST" name="tearDown" finished-at="2023-05-30T10:38:42 IST" duration-ms="256" status="PASS">
          <reporter-output>
          </reporter-output>
        </test-method> <!-- tearDown -->
      </class> <!-- dynamicScreenshot.ActiTimeDataProvider -->
    </test> <!-- Default test -->
  </suite> <!-- Default suite -->
</testng-results>
