<?xml version="1.0" encoding="UTF-8"?>
<testng-results ignored="0" total="3" passed="3" failed="0" skipped="0">
  <reporter-output>
  </reporter-output>
  <suite started-at="2023-05-23T09:22:43 IST" name="Suite" finished-at="2023-05-23T09:23:00 IST" duration-ms="17329">
    <groups>
    </groups>
    <test started-at="2023-05-23T09:22:43 IST" name="Test" finished-at="2023-05-23T09:23:00 IST" duration-ms="17329">
      <class name="testNGPackage2.Test3">
        <test-method signature="testMethod3()[pri:0, instance:testNGPackage2.Test3@625732]" started-at="2023-05-23T09:22:55 IST" name="testMethod3" finished-at="2023-05-23T09:23:00 IST" duration-ms="5030" status="PASS">
          <reporter-output>
          </reporter-output>
        </test-method> <!-- testMethod3 -->
      </class> <!-- testNGPackage2.Test3 -->
      <class name="testNGPackage2.Test1">
        <test-method signature="testMethod()[pri:0, instance:testNGPackage2.Test1@59af0466]" started-at="2023-05-23T09:22:43 IST" name="testMethod" finished-at="2023-05-23T09:22:50 IST" duration-ms="7511" status="PASS">
          <reporter-output>
          </reporter-output>
        </test-method> <!-- testMethod -->
      </class> <!-- testNGPackage2.Test1 -->
      <class name="testNGPackage2.Test2">
        <test-method signature="testMethod2()[pri:0, instance:testNGPackage2.Test2@120f102b]" started-at="2023-05-23T09:22:50 IST" name="testMethod2" finished-at="2023-05-23T09:22:55 IST" duration-ms="4733" status="PASS">
          <reporter-output>
          </reporter-output>
        </test-method> <!-- testMethod2 -->
      </class> <!-- testNGPackage2.Test2 -->
    </test> <!-- Test -->
  </suite> <!-- Suite -->
</testng-results>
